2016-08-23 17:27:35,505 WARN org.apache.hadoop.util.NativeCodeLoader: Unable to load native-hadoop library for your platform... using builtin-java classes where applicable
2016-08-23 17:27:35,608 INFO org.apache.hadoop.conf.Configuration.deprecation: session.id is deprecated. Instead, use dfs.metrics.session-id
2016-08-23 17:27:35,609 INFO org.apache.hadoop.metrics.jvm.JvmMetrics: Initializing JVM Metrics with processName=JobTracker, sessionId=
2016-08-23 17:27:35,663 WARN org.apache.hadoop.mapreduce.JobResourceUploader: No job jar file set.  User classes may not be found. See Job or Job#setJar(String).
2016-08-23 17:27:35,669 INFO org.apache.hadoop.mapreduce.lib.input.FileInputFormat: Total input paths to process : 1
2016-08-23 17:27:35,693 INFO org.apache.hadoop.mapreduce.JobSubmitter: number of splits:1
2016-08-23 17:27:35,766 INFO org.apache.hadoop.mapreduce.JobSubmitter: Submitting tokens for job: job_local2087856200_0001
2016-08-23 17:27:35,874 INFO org.apache.hadoop.mapreduce.Job: The url to track the job: http://localhost:8080/
2016-08-23 17:27:35,875 INFO org.apache.hadoop.mapreduce.Job: Running job: job_local2087856200_0001
2016-08-23 17:27:35,876 INFO org.apache.hadoop.mapred.LocalJobRunner: OutputCommitter set in config null
2016-08-23 17:27:35,879 INFO org.apache.hadoop.mapreduce.lib.output.FileOutputCommitter: File Output Committer Algorithm version is 1
2016-08-23 17:27:35,880 INFO org.apache.hadoop.mapred.LocalJobRunner: OutputCommitter is org.apache.hadoop.mapreduce.lib.output.FileOutputCommitter
2016-08-23 17:27:35,908 INFO org.apache.hadoop.mapred.LocalJobRunner: Waiting for map tasks
2016-08-23 17:27:35,909 INFO org.apache.hadoop.mapred.LocalJobRunner: Starting task: attempt_local2087856200_0001_m_000000_0
2016-08-23 17:27:35,930 INFO org.apache.hadoop.mapreduce.lib.output.FileOutputCommitter: File Output Committer Algorithm version is 1
2016-08-23 17:27:35,944 INFO org.apache.hadoop.mapred.Task:  Using ResourceCalculatorProcessTree : [ ]
2016-08-23 17:27:35,947 INFO org.apache.hadoop.mapred.MapTask: Processing split: file:/home/ian/workspace/wordcount/100.txt:0+5589917
2016-08-23 17:27:35,969 INFO org.apache.hadoop.mapred.MapTask: (EQUATOR) 0 kvi 26214396(104857584)
2016-08-23 17:27:35,969 INFO org.apache.hadoop.mapred.MapTask: mapreduce.task.io.sort.mb: 100
2016-08-23 17:27:35,969 INFO org.apache.hadoop.mapred.MapTask: soft limit at 83886080
2016-08-23 17:27:35,969 INFO org.apache.hadoop.mapred.MapTask: bufstart = 0; bufvoid = 104857600
2016-08-23 17:27:35,969 INFO org.apache.hadoop.mapred.MapTask: kvstart = 26214396; length = 6553600
2016-08-23 17:27:35,971 INFO org.apache.hadoop.mapred.MapTask: Map output collector class = org.apache.hadoop.mapred.MapTask$MapOutputBuffer
2016-08-23 17:27:36,477 INFO org.apache.hadoop.mapred.LocalJobRunner: 
2016-08-23 17:27:36,478 INFO org.apache.hadoop.mapred.MapTask: Starting flush of map output
2016-08-23 17:27:36,478 INFO org.apache.hadoop.mapred.MapTask: Spilling map output
2016-08-23 17:27:36,478 INFO org.apache.hadoop.mapred.MapTask: bufstart = 0; bufend = 5375976; bufvoid = 104857600
2016-08-23 17:27:36,478 INFO org.apache.hadoop.mapred.MapTask: kvstart = 26214396(104857584); kvend = 22630416(90521664); length = 3583981/6553600
2016-08-23 17:27:36,877 INFO org.apache.hadoop.mapreduce.Job: Job job_local2087856200_0001 running in uber mode : false
2016-08-23 17:27:36,878 INFO org.apache.hadoop.mapreduce.Job:  map 0% reduce 0%
2016-08-23 17:27:36,971 INFO org.apache.hadoop.mapred.MapTask: Finished spill 0
2016-08-23 17:27:36,973 INFO org.apache.hadoop.mapred.Task: Task:attempt_local2087856200_0001_m_000000_0 is done. And is in the process of committing
2016-08-23 17:27:36,977 INFO org.apache.hadoop.mapred.LocalJobRunner: map
2016-08-23 17:27:36,978 INFO org.apache.hadoop.mapred.Task: Task 'attempt_local2087856200_0001_m_000000_0' done.
2016-08-23 17:27:36,978 INFO org.apache.hadoop.mapred.LocalJobRunner: Finishing task: attempt_local2087856200_0001_m_000000_0
2016-08-23 17:27:36,978 INFO org.apache.hadoop.mapred.LocalJobRunner: map task executor complete.
2016-08-23 17:27:36,979 INFO org.apache.hadoop.mapred.LocalJobRunner: Waiting for reduce tasks
2016-08-23 17:27:36,979 INFO org.apache.hadoop.mapred.LocalJobRunner: Starting task: attempt_local2087856200_0001_r_000000_0
2016-08-23 17:27:36,982 INFO org.apache.hadoop.mapreduce.lib.output.FileOutputCommitter: File Output Committer Algorithm version is 1
2016-08-23 17:27:36,983 INFO org.apache.hadoop.mapred.Task:  Using ResourceCalculatorProcessTree : [ ]
2016-08-23 17:27:36,984 INFO org.apache.hadoop.mapred.ReduceTask: Using ShuffleConsumerPlugin: org.apache.hadoop.mapreduce.task.reduce.Shuffle@6c3fecce
2016-08-23 17:27:36,991 INFO org.apache.hadoop.mapreduce.task.reduce.MergeManagerImpl: MergerManager: memoryLimit=2577452288, maxSingleShuffleLimit=644363072, mergeThreshold=1701118592, ioSortFactor=10, memToMemMergeOutputsThreshold=10
2016-08-23 17:27:36,993 INFO org.apache.hadoop.mapreduce.task.reduce.EventFetcher: attempt_local2087856200_0001_r_000000_0 Thread started: EventFetcher for fetching Map Completion Events
2016-08-23 17:27:37,022 INFO org.apache.hadoop.mapreduce.task.reduce.LocalFetcher: localfetcher#1 about to shuffle output of map attempt_local2087856200_0001_m_000000_0 decomp: 7167970 len: 7167974 to MEMORY
2016-08-23 17:27:37,031 INFO org.apache.hadoop.mapreduce.task.reduce.InMemoryMapOutput: Read 7167970 bytes from map-output for attempt_local2087856200_0001_m_000000_0
2016-08-23 17:27:37,032 INFO org.apache.hadoop.mapreduce.task.reduce.MergeManagerImpl: closeInMemoryFile -> map-output of size: 7167970, inMemoryMapOutputs.size() -> 1, commitMemory -> 0, usedMemory ->7167970
2016-08-23 17:27:37,033 INFO org.apache.hadoop.mapreduce.task.reduce.EventFetcher: EventFetcher is interrupted.. Returning
2016-08-23 17:27:37,034 INFO org.apache.hadoop.mapred.LocalJobRunner: 1 / 1 copied.
2016-08-23 17:27:37,034 INFO org.apache.hadoop.mapreduce.task.reduce.MergeManagerImpl: finalMerge called with 1 in-memory map-outputs and 0 on-disk map-outputs
2016-08-23 17:27:37,038 INFO org.apache.hadoop.mapred.Merger: Merging 1 sorted segments
2016-08-23 17:27:37,038 INFO org.apache.hadoop.mapred.Merger: Down to the last merge-pass, with 1 segments left of total size: 7167966 bytes
2016-08-23 17:27:37,396 INFO org.apache.hadoop.mapreduce.task.reduce.MergeManagerImpl: Merged 1 segments, 7167970 bytes to disk to satisfy reduce memory limit
2016-08-23 17:27:37,397 INFO org.apache.hadoop.mapreduce.task.reduce.MergeManagerImpl: Merging 1 files, 7167974 bytes from disk
2016-08-23 17:27:37,397 INFO org.apache.hadoop.mapreduce.task.reduce.MergeManagerImpl: Merging 0 segments, 0 bytes from memory into reduce
2016-08-23 17:27:37,397 INFO org.apache.hadoop.mapred.Merger: Merging 1 sorted segments
2016-08-23 17:27:37,397 INFO org.apache.hadoop.mapred.Merger: Down to the last merge-pass, with 1 segments left of total size: 7167966 bytes
2016-08-23 17:27:37,398 INFO org.apache.hadoop.mapred.LocalJobRunner: 1 / 1 copied.
2016-08-23 17:27:37,402 INFO org.apache.hadoop.conf.Configuration.deprecation: mapred.skip.on is deprecated. Instead, use mapreduce.job.skiprecords
2016-08-23 17:27:37,811 INFO org.apache.hadoop.mapred.Task: Task:attempt_local2087856200_0001_r_000000_0 is done. And is in the process of committing
2016-08-23 17:27:37,812 INFO org.apache.hadoop.mapred.LocalJobRunner: 1 / 1 copied.
2016-08-23 17:27:37,813 INFO org.apache.hadoop.mapred.Task: Task attempt_local2087856200_0001_r_000000_0 is allowed to commit now
2016-08-23 17:27:37,813 INFO org.apache.hadoop.mapreduce.lib.output.FileOutputCommitter: Saved output of task 'attempt_local2087856200_0001_r_000000_0' to file:/home/ian/workspace/wordcount/output/_temporary/0/task_local2087856200_0001_r_000000
2016-08-23 17:27:37,814 INFO org.apache.hadoop.mapred.LocalJobRunner: reduce > reduce
2016-08-23 17:27:37,814 INFO org.apache.hadoop.mapred.Task: Task 'attempt_local2087856200_0001_r_000000_0' done.
2016-08-23 17:27:37,814 INFO org.apache.hadoop.mapred.LocalJobRunner: Finishing task: attempt_local2087856200_0001_r_000000_0
2016-08-23 17:27:37,814 INFO org.apache.hadoop.mapred.LocalJobRunner: reduce task executor complete.
2016-08-23 17:27:37,821 WARN org.apache.hadoop.mapred.LocalJobRunner: job_local2087856200_0001
java.lang.NoClassDefFoundError: org/apache/http/client/methods/HttpUriRequest
	at org.apache.hadoop.mapred.LocalJobRunner$Job.run(LocalJobRunner.java:546)
Caused by: java.lang.ClassNotFoundException: org.apache.http.client.methods.HttpUriRequest
	at java.net.URLClassLoader.findClass(URLClassLoader.java:381)
	at java.lang.ClassLoader.loadClass(ClassLoader.java:424)
	at sun.misc.Launcher$AppClassLoader.loadClass(Launcher.java:331)
	at java.lang.ClassLoader.loadClass(ClassLoader.java:357)
	... 1 more
2016-08-23 17:27:37,879 INFO org.apache.hadoop.mapreduce.Job:  map 100% reduce 100%
2016-08-23 17:27:37,880 INFO org.apache.hadoop.mapreduce.Job: Job job_local2087856200_0001 failed with state FAILED due to: NA
2016-08-23 17:27:37,887 INFO org.apache.hadoop.mapreduce.Job: Counters: 30
	File System Counters
		FILE: Number of bytes read=25516142
		FILE: Number of bytes written=22057736
		FILE: Number of read operations=0
		FILE: Number of large read operations=0
		FILE: Number of write operations=0
	Map-Reduce Framework
		Map input records=124788
		Map output records=895996
		Map output bytes=5375976
		Map output materialized bytes=7167974
		Input split bytes=107
		Combine input records=0
		Combine output records=0
		Reduce input groups=26
		Reduce shuffle bytes=7167974
		Reduce input records=895996
		Reduce output records=26
		Spilled Records=1791992
		Shuffled Maps =1
		Failed Shuffles=0
		Merged Map outputs=1
		GC time elapsed (ms)=20
		Total committed heap usage (bytes)=630194176
	Shuffle Errors
		BAD_ID=0
		CONNECTION=0
		IO_ERROR=0
		WRONG_LENGTH=0
		WRONG_MAP=0
		WRONG_REDUCE=0
	File Input Format Counters 
		Bytes Read=5589917
	File Output Format Counters 
		Bytes Written=210
2016-08-23 17:43:27,780 WARN org.apache.hadoop.util.NativeCodeLoader: Unable to load native-hadoop library for your platform... using builtin-java classes where applicable
2016-08-23 17:43:27,869 INFO org.apache.hadoop.conf.Configuration.deprecation: session.id is deprecated. Instead, use dfs.metrics.session-id
2016-08-23 17:43:27,870 INFO org.apache.hadoop.metrics.jvm.JvmMetrics: Initializing JVM Metrics with processName=JobTracker, sessionId=
2016-08-23 17:59:36,628 WARN org.apache.hadoop.util.NativeCodeLoader: Unable to load native-hadoop library for your platform... using builtin-java classes where applicable
2016-08-23 17:59:36,715 INFO org.apache.hadoop.conf.Configuration.deprecation: session.id is deprecated. Instead, use dfs.metrics.session-id
2016-08-23 17:59:36,716 INFO org.apache.hadoop.metrics.jvm.JvmMetrics: Initializing JVM Metrics with processName=JobTracker, sessionId=
2016-08-23 17:59:36,808 WARN org.apache.hadoop.mapreduce.JobResourceUploader: No job jar file set.  User classes may not be found. See Job or Job#setJar(String).
2016-08-23 17:59:36,814 INFO org.apache.hadoop.mapreduce.lib.input.FileInputFormat: Total input paths to process : 1
2016-08-23 17:59:36,838 INFO org.apache.hadoop.mapreduce.JobSubmitter: number of splits:1
2016-08-23 17:59:36,909 INFO org.apache.hadoop.mapreduce.JobSubmitter: Submitting tokens for job: job_local117537440_0001
2016-08-23 17:59:37,028 INFO org.apache.hadoop.mapreduce.Job: The url to track the job: http://localhost:8080/
2016-08-23 17:59:37,028 INFO org.apache.hadoop.mapreduce.Job: Running job: job_local117537440_0001
2016-08-23 17:59:37,029 INFO org.apache.hadoop.mapred.LocalJobRunner: OutputCommitter set in config null
2016-08-23 17:59:37,034 INFO org.apache.hadoop.mapreduce.lib.output.FileOutputCommitter: File Output Committer Algorithm version is 1
2016-08-23 17:59:37,036 INFO org.apache.hadoop.mapred.LocalJobRunner: OutputCommitter is org.apache.hadoop.mapreduce.lib.output.FileOutputCommitter
2016-08-23 17:59:37,066 INFO org.apache.hadoop.mapred.LocalJobRunner: Waiting for map tasks
2016-08-23 17:59:37,066 INFO org.apache.hadoop.mapred.LocalJobRunner: Starting task: attempt_local117537440_0001_m_000000_0
2016-08-23 17:59:37,081 INFO org.apache.hadoop.mapreduce.lib.output.FileOutputCommitter: File Output Committer Algorithm version is 1
2016-08-23 17:59:37,089 INFO org.apache.hadoop.mapred.Task:  Using ResourceCalculatorProcessTree : [ ]
2016-08-23 17:59:37,092 INFO org.apache.hadoop.mapred.MapTask: Processing split: file:/home/ian/workspace/wordcount/100.txt:0+5589917
2016-08-23 17:59:37,117 INFO org.apache.hadoop.mapred.MapTask: (EQUATOR) 0 kvi 26214396(104857584)
2016-08-23 17:59:37,118 INFO org.apache.hadoop.mapred.MapTask: mapreduce.task.io.sort.mb: 100
2016-08-23 17:59:37,118 INFO org.apache.hadoop.mapred.MapTask: soft limit at 83886080
2016-08-23 17:59:37,118 INFO org.apache.hadoop.mapred.MapTask: bufstart = 0; bufvoid = 104857600
2016-08-23 17:59:37,118 INFO org.apache.hadoop.mapred.MapTask: kvstart = 26214396; length = 6553600
2016-08-23 17:59:37,120 INFO org.apache.hadoop.mapred.MapTask: Map output collector class = org.apache.hadoop.mapred.MapTask$MapOutputBuffer
2016-08-23 17:59:37,616 INFO org.apache.hadoop.mapred.LocalJobRunner: 
2016-08-23 17:59:37,617 INFO org.apache.hadoop.mapred.MapTask: Starting flush of map output
2016-08-23 17:59:37,617 INFO org.apache.hadoop.mapred.MapTask: Spilling map output
2016-08-23 17:59:37,617 INFO org.apache.hadoop.mapred.MapTask: bufstart = 0; bufend = 5375976; bufvoid = 104857600
2016-08-23 17:59:37,617 INFO org.apache.hadoop.mapred.MapTask: kvstart = 26214396(104857584); kvend = 22630416(90521664); length = 3583981/6553600
2016-08-23 17:59:38,030 INFO org.apache.hadoop.mapreduce.Job: Job job_local117537440_0001 running in uber mode : false
2016-08-23 17:59:38,031 INFO org.apache.hadoop.mapreduce.Job:  map 0% reduce 0%
2016-08-23 17:59:38,117 INFO org.apache.hadoop.mapred.MapTask: Finished spill 0
2016-08-23 17:59:38,120 INFO org.apache.hadoop.mapred.Task: Task:attempt_local117537440_0001_m_000000_0 is done. And is in the process of committing
2016-08-23 17:59:38,124 INFO org.apache.hadoop.mapred.LocalJobRunner: map
2016-08-23 17:59:38,124 INFO org.apache.hadoop.mapred.Task: Task 'attempt_local117537440_0001_m_000000_0' done.
2016-08-23 17:59:38,125 INFO org.apache.hadoop.mapred.LocalJobRunner: Finishing task: attempt_local117537440_0001_m_000000_0
2016-08-23 17:59:38,125 INFO org.apache.hadoop.mapred.LocalJobRunner: map task executor complete.
2016-08-23 17:59:38,126 INFO org.apache.hadoop.mapred.LocalJobRunner: Waiting for reduce tasks
2016-08-23 17:59:38,126 INFO org.apache.hadoop.mapred.LocalJobRunner: Starting task: attempt_local117537440_0001_r_000000_0
2016-08-23 17:59:38,130 INFO org.apache.hadoop.mapreduce.lib.output.FileOutputCommitter: File Output Committer Algorithm version is 1
2016-08-23 17:59:38,130 INFO org.apache.hadoop.mapred.Task:  Using ResourceCalculatorProcessTree : [ ]
2016-08-23 17:59:38,131 INFO org.apache.hadoop.mapred.ReduceTask: Using ShuffleConsumerPlugin: org.apache.hadoop.mapreduce.task.reduce.Shuffle@5a38486d
2016-08-23 17:59:38,138 INFO org.apache.hadoop.mapreduce.task.reduce.MergeManagerImpl: MergerManager: memoryLimit=2577452288, maxSingleShuffleLimit=644363072, mergeThreshold=1701118592, ioSortFactor=10, memToMemMergeOutputsThreshold=10
2016-08-23 17:59:38,140 INFO org.apache.hadoop.mapreduce.task.reduce.EventFetcher: attempt_local117537440_0001_r_000000_0 Thread started: EventFetcher for fetching Map Completion Events
2016-08-23 17:59:38,166 INFO org.apache.hadoop.mapreduce.task.reduce.LocalFetcher: localfetcher#1 about to shuffle output of map attempt_local117537440_0001_m_000000_0 decomp: 7167970 len: 7167974 to MEMORY
2016-08-23 17:59:38,175 INFO org.apache.hadoop.mapreduce.task.reduce.InMemoryMapOutput: Read 7167970 bytes from map-output for attempt_local117537440_0001_m_000000_0
2016-08-23 17:59:38,176 INFO org.apache.hadoop.mapreduce.task.reduce.MergeManagerImpl: closeInMemoryFile -> map-output of size: 7167970, inMemoryMapOutputs.size() -> 1, commitMemory -> 0, usedMemory ->7167970
2016-08-23 17:59:38,177 INFO org.apache.hadoop.mapreduce.task.reduce.EventFetcher: EventFetcher is interrupted.. Returning
2016-08-23 17:59:38,177 INFO org.apache.hadoop.mapred.LocalJobRunner: 1 / 1 copied.
2016-08-23 17:59:38,178 INFO org.apache.hadoop.mapreduce.task.reduce.MergeManagerImpl: finalMerge called with 1 in-memory map-outputs and 0 on-disk map-outputs
2016-08-23 17:59:38,181 INFO org.apache.hadoop.mapred.Merger: Merging 1 sorted segments
2016-08-23 17:59:38,181 INFO org.apache.hadoop.mapred.Merger: Down to the last merge-pass, with 1 segments left of total size: 7167966 bytes
2016-08-23 17:59:38,576 INFO org.apache.hadoop.mapreduce.task.reduce.MergeManagerImpl: Merged 1 segments, 7167970 bytes to disk to satisfy reduce memory limit
2016-08-23 17:59:38,576 INFO org.apache.hadoop.mapreduce.task.reduce.MergeManagerImpl: Merging 1 files, 7167974 bytes from disk
2016-08-23 17:59:38,577 INFO org.apache.hadoop.mapreduce.task.reduce.MergeManagerImpl: Merging 0 segments, 0 bytes from memory into reduce
2016-08-23 17:59:38,577 INFO org.apache.hadoop.mapred.Merger: Merging 1 sorted segments
2016-08-23 17:59:38,577 INFO org.apache.hadoop.mapred.Merger: Down to the last merge-pass, with 1 segments left of total size: 7167966 bytes
2016-08-23 17:59:38,577 INFO org.apache.hadoop.mapred.LocalJobRunner: 1 / 1 copied.
2016-08-23 17:59:38,581 INFO org.apache.hadoop.conf.Configuration.deprecation: mapred.skip.on is deprecated. Instead, use mapreduce.job.skiprecords
2016-08-23 17:59:39,004 INFO org.apache.hadoop.mapred.Task: Task:attempt_local117537440_0001_r_000000_0 is done. And is in the process of committing
2016-08-23 17:59:39,005 INFO org.apache.hadoop.mapred.LocalJobRunner: 1 / 1 copied.
2016-08-23 17:59:39,005 INFO org.apache.hadoop.mapred.Task: Task attempt_local117537440_0001_r_000000_0 is allowed to commit now
2016-08-23 17:59:39,006 INFO org.apache.hadoop.mapreduce.lib.output.FileOutputCommitter: Saved output of task 'attempt_local117537440_0001_r_000000_0' to file:/home/ian/workspace/wordcount/output/_temporary/0/task_local117537440_0001_r_000000
2016-08-23 17:59:39,006 INFO org.apache.hadoop.mapred.LocalJobRunner: reduce > reduce
2016-08-23 17:59:39,006 INFO org.apache.hadoop.mapred.Task: Task 'attempt_local117537440_0001_r_000000_0' done.
2016-08-23 17:59:39,006 INFO org.apache.hadoop.mapred.LocalJobRunner: Finishing task: attempt_local117537440_0001_r_000000_0
2016-08-23 17:59:39,006 INFO org.apache.hadoop.mapred.LocalJobRunner: reduce task executor complete.
2016-08-23 17:59:39,013 WARN org.apache.hadoop.mapred.LocalJobRunner: job_local117537440_0001
java.lang.NoClassDefFoundError: org/apache/http/client/methods/HttpUriRequest
	at org.apache.hadoop.mapred.LocalJobRunner$Job.run(LocalJobRunner.java:546)
Caused by: java.lang.ClassNotFoundException: org.apache.http.client.methods.HttpUriRequest
	at java.net.URLClassLoader.findClass(URLClassLoader.java:381)
	at java.lang.ClassLoader.loadClass(ClassLoader.java:424)
	at sun.misc.Launcher$AppClassLoader.loadClass(Launcher.java:331)
	at java.lang.ClassLoader.loadClass(ClassLoader.java:357)
	... 1 more
2016-08-23 17:59:39,033 INFO org.apache.hadoop.mapreduce.Job:  map 100% reduce 100%
2016-08-23 17:59:39,033 INFO org.apache.hadoop.mapreduce.Job: Job job_local117537440_0001 failed with state FAILED due to: NA
2016-08-23 17:59:39,038 INFO org.apache.hadoop.mapreduce.Job: Counters: 30
	File System Counters
		FILE: Number of bytes read=25516142
		FILE: Number of bytes written=22054732
		FILE: Number of read operations=0
		FILE: Number of large read operations=0
		FILE: Number of write operations=0
	Map-Reduce Framework
		Map input records=124788
		Map output records=895996
		Map output bytes=5375976
		Map output materialized bytes=7167974
		Input split bytes=107
		Combine input records=0
		Combine output records=0
		Reduce input groups=26
		Reduce shuffle bytes=7167974
		Reduce input records=895996
		Reduce output records=26
		Spilled Records=1791992
		Shuffled Maps =1
		Failed Shuffles=0
		Merged Map outputs=1
		GC time elapsed (ms)=19
		Total committed heap usage (bytes)=630194176
	Shuffle Errors
		BAD_ID=0
		CONNECTION=0
		IO_ERROR=0
		WRONG_LENGTH=0
		WRONG_MAP=0
		WRONG_REDUCE=0
	File Input Format Counters 
		Bytes Read=5589917
	File Output Format Counters 
		Bytes Written=210
2016-08-23 18:14:02,021 WARN org.apache.hadoop.util.NativeCodeLoader: Unable to load native-hadoop library for your platform... using builtin-java classes where applicable
2016-08-23 18:14:02,114 INFO org.apache.hadoop.conf.Configuration.deprecation: session.id is deprecated. Instead, use dfs.metrics.session-id
2016-08-23 18:14:02,115 INFO org.apache.hadoop.metrics.jvm.JvmMetrics: Initializing JVM Metrics with processName=JobTracker, sessionId=
2016-08-23 18:14:02,167 WARN org.apache.hadoop.mapreduce.JobResourceUploader: No job jar file set.  User classes may not be found. See Job or Job#setJar(String).
2016-08-23 18:14:02,172 INFO org.apache.hadoop.mapreduce.lib.input.FileInputFormat: Total input paths to process : 1
2016-08-23 18:14:02,196 INFO org.apache.hadoop.mapreduce.JobSubmitter: number of splits:1
2016-08-23 18:14:02,267 INFO org.apache.hadoop.mapreduce.JobSubmitter: Submitting tokens for job: job_local1559058529_0001
2016-08-23 18:14:02,383 INFO org.apache.hadoop.mapreduce.Job: The url to track the job: http://localhost:8080/
2016-08-23 18:14:02,383 INFO org.apache.hadoop.mapreduce.Job: Running job: job_local1559058529_0001
2016-08-23 18:14:02,384 INFO org.apache.hadoop.mapred.LocalJobRunner: OutputCommitter set in config null
2016-08-23 18:14:02,387 INFO org.apache.hadoop.mapreduce.lib.output.FileOutputCommitter: File Output Committer Algorithm version is 1
2016-08-23 18:14:02,388 INFO org.apache.hadoop.mapred.LocalJobRunner: OutputCommitter is org.apache.hadoop.mapreduce.lib.output.FileOutputCommitter
2016-08-23 18:14:02,423 INFO org.apache.hadoop.mapred.LocalJobRunner: Waiting for map tasks
2016-08-23 18:14:02,423 INFO org.apache.hadoop.mapred.LocalJobRunner: Starting task: attempt_local1559058529_0001_m_000000_0
2016-08-23 18:14:02,442 INFO org.apache.hadoop.mapreduce.lib.output.FileOutputCommitter: File Output Committer Algorithm version is 1
2016-08-23 18:14:02,448 INFO org.apache.hadoop.mapred.Task:  Using ResourceCalculatorProcessTree : [ ]
2016-08-23 18:14:02,452 INFO org.apache.hadoop.mapred.MapTask: Processing split: file:/home/ian/workspace/wordcount/100.txt:0+5589917
2016-08-23 18:14:02,474 INFO org.apache.hadoop.mapred.MapTask: (EQUATOR) 0 kvi 26214396(104857584)
2016-08-23 18:14:02,474 INFO org.apache.hadoop.mapred.MapTask: mapreduce.task.io.sort.mb: 100
2016-08-23 18:14:02,474 INFO org.apache.hadoop.mapred.MapTask: soft limit at 83886080
2016-08-23 18:14:02,474 INFO org.apache.hadoop.mapred.MapTask: bufstart = 0; bufvoid = 104857600
2016-08-23 18:14:02,475 INFO org.apache.hadoop.mapred.MapTask: kvstart = 26214396; length = 6553600
2016-08-23 18:14:02,477 INFO org.apache.hadoop.mapred.MapTask: Map output collector class = org.apache.hadoop.mapred.MapTask$MapOutputBuffer
2016-08-23 18:14:02,957 INFO org.apache.hadoop.mapred.LocalJobRunner: 
2016-08-23 18:14:02,957 INFO org.apache.hadoop.mapred.MapTask: Starting flush of map output
2016-08-23 18:14:02,957 INFO org.apache.hadoop.mapred.MapTask: Spilling map output
2016-08-23 18:14:02,957 INFO org.apache.hadoop.mapred.MapTask: bufstart = 0; bufend = 5375976; bufvoid = 104857600
2016-08-23 18:14:02,957 INFO org.apache.hadoop.mapred.MapTask: kvstart = 26214396(104857584); kvend = 22630416(90521664); length = 3583981/6553600
2016-08-23 18:14:03,385 INFO org.apache.hadoop.mapreduce.Job: Job job_local1559058529_0001 running in uber mode : false
2016-08-23 18:14:03,386 INFO org.apache.hadoop.mapreduce.Job:  map 0% reduce 0%
2016-08-23 18:14:03,457 INFO org.apache.hadoop.mapred.MapTask: Finished spill 0
2016-08-23 18:14:03,459 INFO org.apache.hadoop.mapred.Task: Task:attempt_local1559058529_0001_m_000000_0 is done. And is in the process of committing
2016-08-23 18:14:03,463 INFO org.apache.hadoop.mapred.LocalJobRunner: map
2016-08-23 18:14:03,464 INFO org.apache.hadoop.mapred.Task: Task 'attempt_local1559058529_0001_m_000000_0' done.
2016-08-23 18:14:03,464 INFO org.apache.hadoop.mapred.LocalJobRunner: Finishing task: attempt_local1559058529_0001_m_000000_0
2016-08-23 18:14:03,464 INFO org.apache.hadoop.mapred.LocalJobRunner: map task executor complete.
2016-08-23 18:14:03,466 INFO org.apache.hadoop.mapred.LocalJobRunner: Waiting for reduce tasks
2016-08-23 18:14:03,466 INFO org.apache.hadoop.mapred.LocalJobRunner: Starting task: attempt_local1559058529_0001_r_000000_0
2016-08-23 18:14:03,469 INFO org.apache.hadoop.mapreduce.lib.output.FileOutputCommitter: File Output Committer Algorithm version is 1
2016-08-23 18:14:03,469 INFO org.apache.hadoop.mapred.Task:  Using ResourceCalculatorProcessTree : [ ]
2016-08-23 18:14:03,470 INFO org.apache.hadoop.mapred.ReduceTask: Using ShuffleConsumerPlugin: org.apache.hadoop.mapreduce.task.reduce.Shuffle@46454e36
2016-08-23 18:14:03,476 INFO org.apache.hadoop.mapreduce.task.reduce.MergeManagerImpl: MergerManager: memoryLimit=2577452288, maxSingleShuffleLimit=644363072, mergeThreshold=1701118592, ioSortFactor=10, memToMemMergeOutputsThreshold=10
2016-08-23 18:14:03,477 INFO org.apache.hadoop.mapreduce.task.reduce.EventFetcher: attempt_local1559058529_0001_r_000000_0 Thread started: EventFetcher for fetching Map Completion Events
2016-08-23 18:14:03,499 INFO org.apache.hadoop.mapreduce.task.reduce.LocalFetcher: localfetcher#1 about to shuffle output of map attempt_local1559058529_0001_m_000000_0 decomp: 7167970 len: 7167974 to MEMORY
2016-08-23 18:14:03,506 INFO org.apache.hadoop.mapreduce.task.reduce.InMemoryMapOutput: Read 7167970 bytes from map-output for attempt_local1559058529_0001_m_000000_0
2016-08-23 18:14:03,507 INFO org.apache.hadoop.mapreduce.task.reduce.MergeManagerImpl: closeInMemoryFile -> map-output of size: 7167970, inMemoryMapOutputs.size() -> 1, commitMemory -> 0, usedMemory ->7167970
2016-08-23 18:14:03,508 INFO org.apache.hadoop.mapreduce.task.reduce.EventFetcher: EventFetcher is interrupted.. Returning
2016-08-23 18:14:03,508 INFO org.apache.hadoop.mapred.LocalJobRunner: 1 / 1 copied.
2016-08-23 18:14:03,508 INFO org.apache.hadoop.mapreduce.task.reduce.MergeManagerImpl: finalMerge called with 1 in-memory map-outputs and 0 on-disk map-outputs
2016-08-23 18:14:03,512 INFO org.apache.hadoop.mapred.Merger: Merging 1 sorted segments
2016-08-23 18:14:03,512 INFO org.apache.hadoop.mapred.Merger: Down to the last merge-pass, with 1 segments left of total size: 7167966 bytes
2016-08-23 18:14:03,869 INFO org.apache.hadoop.mapreduce.task.reduce.MergeManagerImpl: Merged 1 segments, 7167970 bytes to disk to satisfy reduce memory limit
2016-08-23 18:14:03,869 INFO org.apache.hadoop.mapreduce.task.reduce.MergeManagerImpl: Merging 1 files, 7167974 bytes from disk
2016-08-23 18:14:03,869 INFO org.apache.hadoop.mapreduce.task.reduce.MergeManagerImpl: Merging 0 segments, 0 bytes from memory into reduce
2016-08-23 18:14:03,870 INFO org.apache.hadoop.mapred.Merger: Merging 1 sorted segments
2016-08-23 18:14:03,870 INFO org.apache.hadoop.mapred.Merger: Down to the last merge-pass, with 1 segments left of total size: 7167966 bytes
2016-08-23 18:14:03,870 INFO org.apache.hadoop.mapred.LocalJobRunner: 1 / 1 copied.
2016-08-23 18:14:03,874 INFO org.apache.hadoop.conf.Configuration.deprecation: mapred.skip.on is deprecated. Instead, use mapreduce.job.skiprecords
2016-08-23 18:14:04,292 INFO org.apache.hadoop.mapred.Task: Task:attempt_local1559058529_0001_r_000000_0 is done. And is in the process of committing
2016-08-23 18:14:04,293 INFO org.apache.hadoop.mapred.LocalJobRunner: 1 / 1 copied.
2016-08-23 18:14:04,293 INFO org.apache.hadoop.mapred.Task: Task attempt_local1559058529_0001_r_000000_0 is allowed to commit now
2016-08-23 18:14:04,294 INFO org.apache.hadoop.mapreduce.lib.output.FileOutputCommitter: Saved output of task 'attempt_local1559058529_0001_r_000000_0' to file:/home/ian/workspace/wordcount/output/_temporary/0/task_local1559058529_0001_r_000000
2016-08-23 18:14:04,294 INFO org.apache.hadoop.mapred.LocalJobRunner: reduce > reduce
2016-08-23 18:14:04,294 INFO org.apache.hadoop.mapred.Task: Task 'attempt_local1559058529_0001_r_000000_0' done.
2016-08-23 18:14:04,294 INFO org.apache.hadoop.mapred.LocalJobRunner: Finishing task: attempt_local1559058529_0001_r_000000_0
2016-08-23 18:14:04,294 INFO org.apache.hadoop.mapred.LocalJobRunner: reduce task executor complete.
2016-08-23 18:14:04,302 WARN org.apache.hadoop.mapred.LocalJobRunner: job_local1559058529_0001
java.lang.NoClassDefFoundError: org/apache/http/client/methods/HttpUriRequest
	at org.apache.hadoop.mapred.LocalJobRunner$Job.run(LocalJobRunner.java:546)
Caused by: java.lang.ClassNotFoundException: org.apache.http.client.methods.HttpUriRequest
	at java.net.URLClassLoader.findClass(URLClassLoader.java:381)
	at java.lang.ClassLoader.loadClass(ClassLoader.java:424)
	at sun.misc.Launcher$AppClassLoader.loadClass(Launcher.java:331)
	at java.lang.ClassLoader.loadClass(ClassLoader.java:357)
	... 1 more
2016-08-23 18:14:04,387 INFO org.apache.hadoop.mapreduce.Job:  map 100% reduce 100%
2016-08-23 18:14:04,388 INFO org.apache.hadoop.mapreduce.Job: Job job_local1559058529_0001 failed with state FAILED due to: NA
2016-08-23 18:14:04,394 INFO org.apache.hadoop.mapreduce.Job: Counters: 30
	File System Counters
		FILE: Number of bytes read=25516142
		FILE: Number of bytes written=22057736
		FILE: Number of read operations=0
		FILE: Number of large read operations=0
		FILE: Number of write operations=0
	Map-Reduce Framework
		Map input records=124788
		Map output records=895996
		Map output bytes=5375976
		Map output materialized bytes=7167974
		Input split bytes=107
		Combine input records=0
		Combine output records=0
		Reduce input groups=26
		Reduce shuffle bytes=7167974
		Reduce input records=895996
		Reduce output records=26
		Spilled Records=1791992
		Shuffled Maps =1
		Failed Shuffles=0
		Merged Map outputs=1
		GC time elapsed (ms)=20
		Total committed heap usage (bytes)=630194176
	Shuffle Errors
		BAD_ID=0
		CONNECTION=0
		IO_ERROR=0
		WRONG_LENGTH=0
		WRONG_MAP=0
		WRONG_REDUCE=0
	File Input Format Counters 
		Bytes Read=5589917
	File Output Format Counters 
		Bytes Written=210
2016-08-23 18:18:32,362 WARN org.apache.hadoop.util.NativeCodeLoader: Unable to load native-hadoop library for your platform... using builtin-java classes where applicable
2016-08-23 18:18:32,458 INFO org.apache.hadoop.conf.Configuration.deprecation: session.id is deprecated. Instead, use dfs.metrics.session-id
2016-08-23 18:18:32,459 INFO org.apache.hadoop.metrics.jvm.JvmMetrics: Initializing JVM Metrics with processName=JobTracker, sessionId=
2016-08-23 18:18:32,513 WARN org.apache.hadoop.mapreduce.JobResourceUploader: No job jar file set.  User classes may not be found. See Job or Job#setJar(String).
2016-08-23 18:18:32,519 INFO org.apache.hadoop.mapreduce.lib.input.FileInputFormat: Total input paths to process : 1
2016-08-23 18:18:32,544 INFO org.apache.hadoop.mapreduce.JobSubmitter: number of splits:1
2016-08-23 18:18:32,617 INFO org.apache.hadoop.mapreduce.JobSubmitter: Submitting tokens for job: job_local1408159641_0001
2016-08-23 18:18:32,731 INFO org.apache.hadoop.mapreduce.Job: The url to track the job: http://localhost:8080/
2016-08-23 18:18:32,731 INFO org.apache.hadoop.mapreduce.Job: Running job: job_local1408159641_0001
2016-08-23 18:18:32,732 INFO org.apache.hadoop.mapred.LocalJobRunner: OutputCommitter set in config null
2016-08-23 18:18:32,734 INFO org.apache.hadoop.mapreduce.lib.output.FileOutputCommitter: File Output Committer Algorithm version is 1
2016-08-23 18:18:32,736 INFO org.apache.hadoop.mapred.LocalJobRunner: OutputCommitter is org.apache.hadoop.mapreduce.lib.output.FileOutputCommitter
2016-08-23 18:18:32,764 INFO org.apache.hadoop.mapred.LocalJobRunner: Waiting for map tasks
2016-08-23 18:18:32,764 INFO org.apache.hadoop.mapred.LocalJobRunner: Starting task: attempt_local1408159641_0001_m_000000_0
2016-08-23 18:18:32,780 INFO org.apache.hadoop.mapreduce.lib.output.FileOutputCommitter: File Output Committer Algorithm version is 1
2016-08-23 18:18:32,787 INFO org.apache.hadoop.mapred.Task:  Using ResourceCalculatorProcessTree : [ ]
2016-08-23 18:18:32,791 INFO org.apache.hadoop.mapred.MapTask: Processing split: file:/home/ian/workspace/wordcount/100.txt:0+5589917
2016-08-23 18:18:32,812 INFO org.apache.hadoop.mapred.MapTask: (EQUATOR) 0 kvi 26214396(104857584)
2016-08-23 18:18:32,812 INFO org.apache.hadoop.mapred.MapTask: mapreduce.task.io.sort.mb: 100
2016-08-23 18:18:32,812 INFO org.apache.hadoop.mapred.MapTask: soft limit at 83886080
2016-08-23 18:18:32,813 INFO org.apache.hadoop.mapred.MapTask: bufstart = 0; bufvoid = 104857600
2016-08-23 18:18:32,813 INFO org.apache.hadoop.mapred.MapTask: kvstart = 26214396; length = 6553600
2016-08-23 18:18:32,814 INFO org.apache.hadoop.mapred.MapTask: Map output collector class = org.apache.hadoop.mapred.MapTask$MapOutputBuffer
2016-08-23 18:18:33,294 INFO org.apache.hadoop.mapred.LocalJobRunner: 
2016-08-23 18:18:33,294 INFO org.apache.hadoop.mapred.MapTask: Starting flush of map output
2016-08-23 18:18:33,295 INFO org.apache.hadoop.mapred.MapTask: Spilling map output
2016-08-23 18:18:33,295 INFO org.apache.hadoop.mapred.MapTask: bufstart = 0; bufend = 5375976; bufvoid = 104857600
2016-08-23 18:18:33,295 INFO org.apache.hadoop.mapred.MapTask: kvstart = 26214396(104857584); kvend = 22630416(90521664); length = 3583981/6553600
2016-08-23 18:18:33,733 INFO org.apache.hadoop.mapreduce.Job: Job job_local1408159641_0001 running in uber mode : false
2016-08-23 18:18:33,734 INFO org.apache.hadoop.mapreduce.Job:  map 0% reduce 0%
2016-08-23 18:18:33,780 INFO org.apache.hadoop.mapred.MapTask: Finished spill 0
2016-08-23 18:18:33,782 INFO org.apache.hadoop.mapred.Task: Task:attempt_local1408159641_0001_m_000000_0 is done. And is in the process of committing
2016-08-23 18:18:33,787 INFO org.apache.hadoop.mapred.LocalJobRunner: map
2016-08-23 18:18:33,787 INFO org.apache.hadoop.mapred.Task: Task 'attempt_local1408159641_0001_m_000000_0' done.
2016-08-23 18:18:33,787 INFO org.apache.hadoop.mapred.LocalJobRunner: Finishing task: attempt_local1408159641_0001_m_000000_0
2016-08-23 18:18:33,787 INFO org.apache.hadoop.mapred.LocalJobRunner: map task executor complete.
2016-08-23 18:18:33,789 INFO org.apache.hadoop.mapred.LocalJobRunner: Waiting for reduce tasks
2016-08-23 18:18:33,789 INFO org.apache.hadoop.mapred.LocalJobRunner: Starting task: attempt_local1408159641_0001_r_000000_0
2016-08-23 18:18:33,793 INFO org.apache.hadoop.mapreduce.lib.output.FileOutputCommitter: File Output Committer Algorithm version is 1
2016-08-23 18:18:33,793 INFO org.apache.hadoop.mapred.Task:  Using ResourceCalculatorProcessTree : [ ]
2016-08-23 18:18:33,794 INFO org.apache.hadoop.mapred.ReduceTask: Using ShuffleConsumerPlugin: org.apache.hadoop.mapreduce.task.reduce.Shuffle@1bacd764
2016-08-23 18:18:33,801 INFO org.apache.hadoop.mapreduce.task.reduce.MergeManagerImpl: MergerManager: memoryLimit=2577452288, maxSingleShuffleLimit=644363072, mergeThreshold=1701118592, ioSortFactor=10, memToMemMergeOutputsThreshold=10
2016-08-23 18:18:33,802 INFO org.apache.hadoop.mapreduce.task.reduce.EventFetcher: attempt_local1408159641_0001_r_000000_0 Thread started: EventFetcher for fetching Map Completion Events
2016-08-23 18:18:33,826 INFO org.apache.hadoop.mapreduce.task.reduce.LocalFetcher: localfetcher#1 about to shuffle output of map attempt_local1408159641_0001_m_000000_0 decomp: 7167970 len: 7167974 to MEMORY
2016-08-23 18:18:33,835 INFO org.apache.hadoop.mapreduce.task.reduce.InMemoryMapOutput: Read 7167970 bytes from map-output for attempt_local1408159641_0001_m_000000_0
2016-08-23 18:18:33,836 INFO org.apache.hadoop.mapreduce.task.reduce.MergeManagerImpl: closeInMemoryFile -> map-output of size: 7167970, inMemoryMapOutputs.size() -> 1, commitMemory -> 0, usedMemory ->7167970
2016-08-23 18:18:33,836 INFO org.apache.hadoop.mapreduce.task.reduce.EventFetcher: EventFetcher is interrupted.. Returning
2016-08-23 18:18:33,837 INFO org.apache.hadoop.mapred.LocalJobRunner: 1 / 1 copied.
2016-08-23 18:18:33,837 INFO org.apache.hadoop.mapreduce.task.reduce.MergeManagerImpl: finalMerge called with 1 in-memory map-outputs and 0 on-disk map-outputs
2016-08-23 18:18:33,842 INFO org.apache.hadoop.mapred.Merger: Merging 1 sorted segments
2016-08-23 18:18:33,842 INFO org.apache.hadoop.mapred.Merger: Down to the last merge-pass, with 1 segments left of total size: 7167966 bytes
2016-08-23 18:18:34,197 INFO org.apache.hadoop.mapreduce.task.reduce.MergeManagerImpl: Merged 1 segments, 7167970 bytes to disk to satisfy reduce memory limit
2016-08-23 18:18:34,197 INFO org.apache.hadoop.mapreduce.task.reduce.MergeManagerImpl: Merging 1 files, 7167974 bytes from disk
2016-08-23 18:18:34,198 INFO org.apache.hadoop.mapreduce.task.reduce.MergeManagerImpl: Merging 0 segments, 0 bytes from memory into reduce
2016-08-23 18:18:34,198 INFO org.apache.hadoop.mapred.Merger: Merging 1 sorted segments
2016-08-23 18:18:34,198 INFO org.apache.hadoop.mapred.Merger: Down to the last merge-pass, with 1 segments left of total size: 7167966 bytes
2016-08-23 18:18:34,198 INFO org.apache.hadoop.mapred.LocalJobRunner: 1 / 1 copied.
2016-08-23 18:18:34,202 INFO org.apache.hadoop.conf.Configuration.deprecation: mapred.skip.on is deprecated. Instead, use mapreduce.job.skiprecords
2016-08-23 18:18:34,610 INFO org.apache.hadoop.mapred.Task: Task:attempt_local1408159641_0001_r_000000_0 is done. And is in the process of committing
2016-08-23 18:18:34,611 INFO org.apache.hadoop.mapred.LocalJobRunner: 1 / 1 copied.
2016-08-23 18:18:34,612 INFO org.apache.hadoop.mapred.Task: Task attempt_local1408159641_0001_r_000000_0 is allowed to commit now
2016-08-23 18:18:34,612 INFO org.apache.hadoop.mapreduce.lib.output.FileOutputCommitter: Saved output of task 'attempt_local1408159641_0001_r_000000_0' to file:/home/ian/workspace/wordcount/output/_temporary/0/task_local1408159641_0001_r_000000
2016-08-23 18:18:34,613 INFO org.apache.hadoop.mapred.LocalJobRunner: reduce > reduce
2016-08-23 18:18:34,613 INFO org.apache.hadoop.mapred.Task: Task 'attempt_local1408159641_0001_r_000000_0' done.
2016-08-23 18:18:34,613 INFO org.apache.hadoop.mapred.LocalJobRunner: Finishing task: attempt_local1408159641_0001_r_000000_0
2016-08-23 18:18:34,613 INFO org.apache.hadoop.mapred.LocalJobRunner: reduce task executor complete.
2016-08-23 18:18:34,621 WARN org.apache.hadoop.mapred.LocalJobRunner: job_local1408159641_0001
java.lang.NoClassDefFoundError: org/apache/http/client/methods/HttpUriRequest
	at org.apache.hadoop.mapred.LocalJobRunner$Job.run(LocalJobRunner.java:546)
Caused by: java.lang.ClassNotFoundException: org.apache.http.client.methods.HttpUriRequest
	at java.net.URLClassLoader.findClass(URLClassLoader.java:381)
	at java.lang.ClassLoader.loadClass(ClassLoader.java:424)
	at sun.misc.Launcher$AppClassLoader.loadClass(Launcher.java:331)
	at java.lang.ClassLoader.loadClass(ClassLoader.java:357)
	... 1 more
2016-08-23 18:18:34,735 INFO org.apache.hadoop.mapreduce.Job:  map 100% reduce 100%
2016-08-23 18:18:34,735 INFO org.apache.hadoop.mapreduce.Job: Job job_local1408159641_0001 failed with state FAILED due to: NA
2016-08-23 18:18:34,741 INFO org.apache.hadoop.mapreduce.Job: Counters: 30
	File System Counters
		FILE: Number of bytes read=25516142
		FILE: Number of bytes written=22057736
		FILE: Number of read operations=0
		FILE: Number of large read operations=0
		FILE: Number of write operations=0
	Map-Reduce Framework
		Map input records=124788
		Map output records=895996
		Map output bytes=5375976
		Map output materialized bytes=7167974
		Input split bytes=107
		Combine input records=0
		Combine output records=0
		Reduce input groups=26
		Reduce shuffle bytes=7167974
		Reduce input records=895996
		Reduce output records=26
		Spilled Records=1791992
		Shuffled Maps =1
		Failed Shuffles=0
		Merged Map outputs=1
		GC time elapsed (ms)=19
		Total committed heap usage (bytes)=630194176
	Shuffle Errors
		BAD_ID=0
		CONNECTION=0
		IO_ERROR=0
		WRONG_LENGTH=0
		WRONG_MAP=0
		WRONG_REDUCE=0
	File Input Format Counters 
		Bytes Read=5589917
	File Output Format Counters 
		Bytes Written=210
2016-08-23 18:23:33,107 WARN org.apache.hadoop.util.NativeCodeLoader: Unable to load native-hadoop library for your platform... using builtin-java classes where applicable
2016-08-23 18:23:33,199 INFO org.apache.hadoop.conf.Configuration.deprecation: session.id is deprecated. Instead, use dfs.metrics.session-id
2016-08-23 18:23:33,200 INFO org.apache.hadoop.metrics.jvm.JvmMetrics: Initializing JVM Metrics with processName=JobTracker, sessionId=
2016-08-23 18:23:33,250 WARN org.apache.hadoop.mapreduce.JobResourceUploader: No job jar file set.  User classes may not be found. See Job or Job#setJar(String).
2016-08-23 18:23:33,257 INFO org.apache.hadoop.mapreduce.lib.input.FileInputFormat: Total input paths to process : 1
2016-08-23 18:23:33,282 INFO org.apache.hadoop.mapreduce.JobSubmitter: number of splits:1
2016-08-23 18:23:33,358 INFO org.apache.hadoop.mapreduce.JobSubmitter: Submitting tokens for job: job_local429751891_0001
2016-08-23 18:23:33,486 INFO org.apache.hadoop.mapreduce.Job: The url to track the job: http://localhost:8080/
2016-08-23 18:23:33,486 INFO org.apache.hadoop.mapreduce.Job: Running job: job_local429751891_0001
2016-08-23 18:23:33,487 INFO org.apache.hadoop.mapred.LocalJobRunner: OutputCommitter set in config null
2016-08-23 18:23:33,491 INFO org.apache.hadoop.mapreduce.lib.output.FileOutputCommitter: File Output Committer Algorithm version is 1
2016-08-23 18:23:33,492 INFO org.apache.hadoop.mapred.LocalJobRunner: OutputCommitter is org.apache.hadoop.mapreduce.lib.output.FileOutputCommitter
2016-08-23 18:23:33,520 INFO org.apache.hadoop.mapred.LocalJobRunner: Waiting for map tasks
2016-08-23 18:23:33,520 INFO org.apache.hadoop.mapred.LocalJobRunner: Starting task: attempt_local429751891_0001_m_000000_0
2016-08-23 18:23:33,535 INFO org.apache.hadoop.mapreduce.lib.output.FileOutputCommitter: File Output Committer Algorithm version is 1
2016-08-23 18:23:33,542 INFO org.apache.hadoop.mapred.Task:  Using ResourceCalculatorProcessTree : [ ]
2016-08-23 18:23:33,545 INFO org.apache.hadoop.mapred.MapTask: Processing split: file:/home/ian/workspace/wordcount/100.txt:0+5589917
2016-08-23 18:23:33,566 INFO org.apache.hadoop.mapred.MapTask: (EQUATOR) 0 kvi 26214396(104857584)
2016-08-23 18:23:33,566 INFO org.apache.hadoop.mapred.MapTask: mapreduce.task.io.sort.mb: 100
2016-08-23 18:23:33,566 INFO org.apache.hadoop.mapred.MapTask: soft limit at 83886080
2016-08-23 18:23:33,566 INFO org.apache.hadoop.mapred.MapTask: bufstart = 0; bufvoid = 104857600
2016-08-23 18:23:33,566 INFO org.apache.hadoop.mapred.MapTask: kvstart = 26214396; length = 6553600
2016-08-23 18:23:33,568 INFO org.apache.hadoop.mapred.MapTask: Map output collector class = org.apache.hadoop.mapred.MapTask$MapOutputBuffer
2016-08-23 18:23:34,039 INFO org.apache.hadoop.mapred.LocalJobRunner: 
2016-08-23 18:23:34,040 INFO org.apache.hadoop.mapred.MapTask: Starting flush of map output
2016-08-23 18:23:34,040 INFO org.apache.hadoop.mapred.MapTask: Spilling map output
2016-08-23 18:23:34,040 INFO org.apache.hadoop.mapred.MapTask: bufstart = 0; bufend = 5375976; bufvoid = 104857600
2016-08-23 18:23:34,040 INFO org.apache.hadoop.mapred.MapTask: kvstart = 26214396(104857584); kvend = 22630416(90521664); length = 3583981/6553600
2016-08-23 18:23:34,488 INFO org.apache.hadoop.mapreduce.Job: Job job_local429751891_0001 running in uber mode : false
2016-08-23 18:23:34,489 INFO org.apache.hadoop.mapreduce.Job:  map 0% reduce 0%
2016-08-23 18:23:34,538 INFO org.apache.hadoop.mapred.MapTask: Finished spill 0
2016-08-23 18:23:34,540 INFO org.apache.hadoop.mapred.Task: Task:attempt_local429751891_0001_m_000000_0 is done. And is in the process of committing
2016-08-23 18:23:34,545 INFO org.apache.hadoop.mapred.LocalJobRunner: map
2016-08-23 18:23:34,545 INFO org.apache.hadoop.mapred.Task: Task 'attempt_local429751891_0001_m_000000_0' done.
2016-08-23 18:23:34,545 INFO org.apache.hadoop.mapred.LocalJobRunner: Finishing task: attempt_local429751891_0001_m_000000_0
2016-08-23 18:23:34,545 INFO org.apache.hadoop.mapred.LocalJobRunner: map task executor complete.
2016-08-23 18:23:34,547 INFO org.apache.hadoop.mapred.LocalJobRunner: Waiting for reduce tasks
2016-08-23 18:23:34,547 INFO org.apache.hadoop.mapred.LocalJobRunner: Starting task: attempt_local429751891_0001_r_000000_0
2016-08-23 18:23:34,550 INFO org.apache.hadoop.mapreduce.lib.output.FileOutputCommitter: File Output Committer Algorithm version is 1
2016-08-23 18:23:34,550 INFO org.apache.hadoop.mapred.Task:  Using ResourceCalculatorProcessTree : [ ]
2016-08-23 18:23:34,552 INFO org.apache.hadoop.mapred.ReduceTask: Using ShuffleConsumerPlugin: org.apache.hadoop.mapreduce.task.reduce.Shuffle@3d19c10d
2016-08-23 18:23:34,558 INFO org.apache.hadoop.mapreduce.task.reduce.MergeManagerImpl: MergerManager: memoryLimit=2577452288, maxSingleShuffleLimit=644363072, mergeThreshold=1701118592, ioSortFactor=10, memToMemMergeOutputsThreshold=10
2016-08-23 18:23:34,560 INFO org.apache.hadoop.mapreduce.task.reduce.EventFetcher: attempt_local429751891_0001_r_000000_0 Thread started: EventFetcher for fetching Map Completion Events
2016-08-23 18:23:34,579 INFO org.apache.hadoop.mapreduce.task.reduce.LocalFetcher: localfetcher#1 about to shuffle output of map attempt_local429751891_0001_m_000000_0 decomp: 7167970 len: 7167974 to MEMORY
2016-08-23 18:23:34,585 INFO org.apache.hadoop.mapreduce.task.reduce.InMemoryMapOutput: Read 7167970 bytes from map-output for attempt_local429751891_0001_m_000000_0
2016-08-23 18:23:34,587 INFO org.apache.hadoop.mapreduce.task.reduce.MergeManagerImpl: closeInMemoryFile -> map-output of size: 7167970, inMemoryMapOutputs.size() -> 1, commitMemory -> 0, usedMemory ->7167970
2016-08-23 18:23:34,587 INFO org.apache.hadoop.mapreduce.task.reduce.EventFetcher: EventFetcher is interrupted.. Returning
2016-08-23 18:23:34,588 INFO org.apache.hadoop.mapred.LocalJobRunner: 1 / 1 copied.
2016-08-23 18:23:34,588 INFO org.apache.hadoop.mapreduce.task.reduce.MergeManagerImpl: finalMerge called with 1 in-memory map-outputs and 0 on-disk map-outputs
2016-08-23 18:23:34,592 INFO org.apache.hadoop.mapred.Merger: Merging 1 sorted segments
2016-08-23 18:23:34,592 INFO org.apache.hadoop.mapred.Merger: Down to the last merge-pass, with 1 segments left of total size: 7167966 bytes
2016-08-23 18:23:34,956 INFO org.apache.hadoop.mapreduce.task.reduce.MergeManagerImpl: Merged 1 segments, 7167970 bytes to disk to satisfy reduce memory limit
2016-08-23 18:23:34,956 INFO org.apache.hadoop.mapreduce.task.reduce.MergeManagerImpl: Merging 1 files, 7167974 bytes from disk
2016-08-23 18:23:34,956 INFO org.apache.hadoop.mapreduce.task.reduce.MergeManagerImpl: Merging 0 segments, 0 bytes from memory into reduce
2016-08-23 18:23:34,957 INFO org.apache.hadoop.mapred.Merger: Merging 1 sorted segments
2016-08-23 18:23:34,957 INFO org.apache.hadoop.mapred.Merger: Down to the last merge-pass, with 1 segments left of total size: 7167966 bytes
2016-08-23 18:23:34,957 INFO org.apache.hadoop.mapred.LocalJobRunner: 1 / 1 copied.
2016-08-23 18:23:34,961 INFO org.apache.hadoop.conf.Configuration.deprecation: mapred.skip.on is deprecated. Instead, use mapreduce.job.skiprecords
2016-08-23 18:23:35,380 INFO org.apache.hadoop.mapred.Task: Task:attempt_local429751891_0001_r_000000_0 is done. And is in the process of committing
2016-08-23 18:23:35,382 INFO org.apache.hadoop.mapred.LocalJobRunner: 1 / 1 copied.
2016-08-23 18:23:35,382 INFO org.apache.hadoop.mapred.Task: Task attempt_local429751891_0001_r_000000_0 is allowed to commit now
2016-08-23 18:23:35,383 INFO org.apache.hadoop.mapreduce.lib.output.FileOutputCommitter: Saved output of task 'attempt_local429751891_0001_r_000000_0' to file:/home/ian/workspace/wordcount/output/_temporary/0/task_local429751891_0001_r_000000
2016-08-23 18:23:35,383 INFO org.apache.hadoop.mapred.LocalJobRunner: reduce > reduce
2016-08-23 18:23:35,383 INFO org.apache.hadoop.mapred.Task: Task 'attempt_local429751891_0001_r_000000_0' done.
2016-08-23 18:23:35,383 INFO org.apache.hadoop.mapred.LocalJobRunner: Finishing task: attempt_local429751891_0001_r_000000_0
2016-08-23 18:23:35,383 INFO org.apache.hadoop.mapred.LocalJobRunner: reduce task executor complete.
2016-08-23 18:23:35,389 WARN org.apache.hadoop.mapred.LocalJobRunner: job_local429751891_0001
java.lang.NoClassDefFoundError: org/apache/http/client/methods/HttpUriRequest
	at org.apache.hadoop.mapred.LocalJobRunner$Job.run(LocalJobRunner.java:546)
Caused by: java.lang.ClassNotFoundException: org.apache.http.client.methods.HttpUriRequest
	at java.net.URLClassLoader.findClass(URLClassLoader.java:381)
	at java.lang.ClassLoader.loadClass(ClassLoader.java:424)
	at sun.misc.Launcher$AppClassLoader.loadClass(Launcher.java:331)
	at java.lang.ClassLoader.loadClass(ClassLoader.java:357)
	... 1 more
2016-08-23 18:23:35,490 INFO org.apache.hadoop.mapreduce.Job:  map 100% reduce 100%
2016-08-23 18:23:35,491 INFO org.apache.hadoop.mapreduce.Job: Job job_local429751891_0001 failed with state FAILED due to: NA
2016-08-23 18:23:35,497 INFO org.apache.hadoop.mapreduce.Job: Counters: 30
	File System Counters
		FILE: Number of bytes read=25516142
		FILE: Number of bytes written=22054732
		FILE: Number of read operations=0
		FILE: Number of large read operations=0
		FILE: Number of write operations=0
	Map-Reduce Framework
		Map input records=124788
		Map output records=895996
		Map output bytes=5375976
		Map output materialized bytes=7167974
		Input split bytes=107
		Combine input records=0
		Combine output records=0
		Reduce input groups=26
		Reduce shuffle bytes=7167974
		Reduce input records=895996
		Reduce output records=26
		Spilled Records=1791992
		Shuffled Maps =1
		Failed Shuffles=0
		Merged Map outputs=1
		GC time elapsed (ms)=18
		Total committed heap usage (bytes)=630194176
	Shuffle Errors
		BAD_ID=0
		CONNECTION=0
		IO_ERROR=0
		WRONG_LENGTH=0
		WRONG_MAP=0
		WRONG_REDUCE=0
	File Input Format Counters 
		Bytes Read=5589917
	File Output Format Counters 
		Bytes Written=210
2016-08-23 18:55:09,495 WARN org.apache.hadoop.util.NativeCodeLoader: Unable to load native-hadoop library for your platform... using builtin-java classes where applicable
2016-08-23 18:55:09,586 INFO org.apache.hadoop.conf.Configuration.deprecation: session.id is deprecated. Instead, use dfs.metrics.session-id
2016-08-23 18:55:09,586 INFO org.apache.hadoop.metrics.jvm.JvmMetrics: Initializing JVM Metrics with processName=JobTracker, sessionId=
2016-08-23 18:55:09,633 WARN org.apache.hadoop.mapreduce.JobResourceUploader: No job jar file set.  User classes may not be found. See Job or Job#setJar(String).
2016-08-23 18:55:09,639 INFO org.apache.hadoop.mapreduce.lib.input.FileInputFormat: Total input paths to process : 1
2016-08-23 18:55:09,666 INFO org.apache.hadoop.mapreduce.JobSubmitter: number of splits:1
2016-08-23 18:55:09,738 INFO org.apache.hadoop.mapreduce.JobSubmitter: Submitting tokens for job: job_local76440804_0001
2016-08-23 18:55:09,858 INFO org.apache.hadoop.mapreduce.Job: The url to track the job: http://localhost:8080/
2016-08-23 18:55:09,858 INFO org.apache.hadoop.mapreduce.Job: Running job: job_local76440804_0001
2016-08-23 18:55:09,859 INFO org.apache.hadoop.mapred.LocalJobRunner: OutputCommitter set in config null
2016-08-23 18:55:09,863 INFO org.apache.hadoop.mapreduce.lib.output.FileOutputCommitter: File Output Committer Algorithm version is 1
2016-08-23 18:55:09,864 INFO org.apache.hadoop.mapred.LocalJobRunner: OutputCommitter is org.apache.hadoop.mapreduce.lib.output.FileOutputCommitter
2016-08-23 18:55:09,898 INFO org.apache.hadoop.mapred.LocalJobRunner: Waiting for map tasks
2016-08-23 18:55:09,899 INFO org.apache.hadoop.mapred.LocalJobRunner: Starting task: attempt_local76440804_0001_m_000000_0
2016-08-23 18:55:09,911 INFO org.apache.hadoop.mapreduce.lib.output.FileOutputCommitter: File Output Committer Algorithm version is 1
2016-08-23 18:55:09,917 INFO org.apache.hadoop.mapred.Task:  Using ResourceCalculatorProcessTree : [ ]
2016-08-23 18:55:09,921 INFO org.apache.hadoop.mapred.MapTask: Processing split: file:/home/ian/workspace/wordcount/100.txt:0+5589917
2016-08-23 18:55:09,941 INFO org.apache.hadoop.mapred.MapTask: (EQUATOR) 0 kvi 26214396(104857584)
2016-08-23 18:55:09,941 INFO org.apache.hadoop.mapred.MapTask: mapreduce.task.io.sort.mb: 100
2016-08-23 18:55:09,941 INFO org.apache.hadoop.mapred.MapTask: soft limit at 83886080
2016-08-23 18:55:09,941 INFO org.apache.hadoop.mapred.MapTask: bufstart = 0; bufvoid = 104857600
2016-08-23 18:55:09,941 INFO org.apache.hadoop.mapred.MapTask: kvstart = 26214396; length = 6553600
2016-08-23 18:55:09,943 INFO org.apache.hadoop.mapred.MapTask: Map output collector class = org.apache.hadoop.mapred.MapTask$MapOutputBuffer
2016-08-23 18:55:10,442 INFO org.apache.hadoop.mapred.LocalJobRunner: 
2016-08-23 18:55:10,442 INFO org.apache.hadoop.mapred.MapTask: Starting flush of map output
2016-08-23 18:55:10,443 INFO org.apache.hadoop.mapred.MapTask: Spilling map output
2016-08-23 18:55:10,443 INFO org.apache.hadoop.mapred.MapTask: bufstart = 0; bufend = 5375976; bufvoid = 104857600
2016-08-23 18:55:10,443 INFO org.apache.hadoop.mapred.MapTask: kvstart = 26214396(104857584); kvend = 22630416(90521664); length = 3583981/6553600
2016-08-23 18:55:10,860 INFO org.apache.hadoop.mapreduce.Job: Job job_local76440804_0001 running in uber mode : false
2016-08-23 18:55:10,861 INFO org.apache.hadoop.mapreduce.Job:  map 0% reduce 0%
2016-08-23 18:55:10,927 INFO org.apache.hadoop.mapred.MapTask: Finished spill 0
2016-08-23 18:55:10,929 INFO org.apache.hadoop.mapred.Task: Task:attempt_local76440804_0001_m_000000_0 is done. And is in the process of committing
2016-08-23 18:55:10,933 INFO org.apache.hadoop.mapred.LocalJobRunner: map
2016-08-23 18:55:10,934 INFO org.apache.hadoop.mapred.Task: Task 'attempt_local76440804_0001_m_000000_0' done.
2016-08-23 18:55:10,934 INFO org.apache.hadoop.mapred.LocalJobRunner: Finishing task: attempt_local76440804_0001_m_000000_0
2016-08-23 18:55:10,934 INFO org.apache.hadoop.mapred.LocalJobRunner: map task executor complete.
2016-08-23 18:55:10,935 INFO org.apache.hadoop.mapred.LocalJobRunner: Waiting for reduce tasks
2016-08-23 18:55:10,935 INFO org.apache.hadoop.mapred.LocalJobRunner: Starting task: attempt_local76440804_0001_r_000000_0
2016-08-23 18:55:10,939 INFO org.apache.hadoop.mapreduce.lib.output.FileOutputCommitter: File Output Committer Algorithm version is 1
2016-08-23 18:55:10,940 INFO org.apache.hadoop.mapred.Task:  Using ResourceCalculatorProcessTree : [ ]
2016-08-23 18:55:10,942 INFO org.apache.hadoop.mapred.ReduceTask: Using ShuffleConsumerPlugin: org.apache.hadoop.mapreduce.task.reduce.Shuffle@22249e24
2016-08-23 18:55:10,949 INFO org.apache.hadoop.mapreduce.task.reduce.MergeManagerImpl: MergerManager: memoryLimit=2577452288, maxSingleShuffleLimit=644363072, mergeThreshold=1701118592, ioSortFactor=10, memToMemMergeOutputsThreshold=10
2016-08-23 18:55:10,950 INFO org.apache.hadoop.mapreduce.task.reduce.EventFetcher: attempt_local76440804_0001_r_000000_0 Thread started: EventFetcher for fetching Map Completion Events
2016-08-23 18:55:10,970 INFO org.apache.hadoop.mapreduce.task.reduce.LocalFetcher: localfetcher#1 about to shuffle output of map attempt_local76440804_0001_m_000000_0 decomp: 7167970 len: 7167974 to MEMORY
2016-08-23 18:55:10,979 INFO org.apache.hadoop.mapreduce.task.reduce.InMemoryMapOutput: Read 7167970 bytes from map-output for attempt_local76440804_0001_m_000000_0
2016-08-23 18:55:10,980 INFO org.apache.hadoop.mapreduce.task.reduce.MergeManagerImpl: closeInMemoryFile -> map-output of size: 7167970, inMemoryMapOutputs.size() -> 1, commitMemory -> 0, usedMemory ->7167970
2016-08-23 18:55:10,981 INFO org.apache.hadoop.mapreduce.task.reduce.EventFetcher: EventFetcher is interrupted.. Returning
2016-08-23 18:55:10,982 INFO org.apache.hadoop.mapred.LocalJobRunner: 1 / 1 copied.
2016-08-23 18:55:10,982 INFO org.apache.hadoop.mapreduce.task.reduce.MergeManagerImpl: finalMerge called with 1 in-memory map-outputs and 0 on-disk map-outputs
2016-08-23 18:55:10,986 INFO org.apache.hadoop.mapred.Merger: Merging 1 sorted segments
2016-08-23 18:55:10,987 INFO org.apache.hadoop.mapred.Merger: Down to the last merge-pass, with 1 segments left of total size: 7167966 bytes
2016-08-23 18:55:11,344 INFO org.apache.hadoop.mapreduce.task.reduce.MergeManagerImpl: Merged 1 segments, 7167970 bytes to disk to satisfy reduce memory limit
2016-08-23 18:55:11,344 INFO org.apache.hadoop.mapreduce.task.reduce.MergeManagerImpl: Merging 1 files, 7167974 bytes from disk
2016-08-23 18:55:11,345 INFO org.apache.hadoop.mapreduce.task.reduce.MergeManagerImpl: Merging 0 segments, 0 bytes from memory into reduce
2016-08-23 18:55:11,345 INFO org.apache.hadoop.mapred.Merger: Merging 1 sorted segments
2016-08-23 18:55:11,345 INFO org.apache.hadoop.mapred.Merger: Down to the last merge-pass, with 1 segments left of total size: 7167966 bytes
2016-08-23 18:55:11,345 INFO org.apache.hadoop.mapred.LocalJobRunner: 1 / 1 copied.
2016-08-23 18:55:11,349 INFO org.apache.hadoop.conf.Configuration.deprecation: mapred.skip.on is deprecated. Instead, use mapreduce.job.skiprecords
2016-08-23 18:55:11,768 INFO org.apache.hadoop.mapred.Task: Task:attempt_local76440804_0001_r_000000_0 is done. And is in the process of committing
2016-08-23 18:55:11,769 INFO org.apache.hadoop.mapred.LocalJobRunner: 1 / 1 copied.
2016-08-23 18:55:11,769 INFO org.apache.hadoop.mapred.Task: Task attempt_local76440804_0001_r_000000_0 is allowed to commit now
2016-08-23 18:55:11,770 INFO org.apache.hadoop.mapreduce.lib.output.FileOutputCommitter: Saved output of task 'attempt_local76440804_0001_r_000000_0' to file:/home/ian/workspace/wordcount/output/_temporary/0/task_local76440804_0001_r_000000
2016-08-23 18:55:11,770 INFO org.apache.hadoop.mapred.LocalJobRunner: reduce > reduce
2016-08-23 18:55:11,771 INFO org.apache.hadoop.mapred.Task: Task 'attempt_local76440804_0001_r_000000_0' done.
2016-08-23 18:55:11,771 INFO org.apache.hadoop.mapred.LocalJobRunner: Finishing task: attempt_local76440804_0001_r_000000_0
2016-08-23 18:55:11,771 INFO org.apache.hadoop.mapred.LocalJobRunner: reduce task executor complete.
2016-08-23 18:55:11,862 INFO org.apache.hadoop.mapreduce.Job:  map 100% reduce 100%
2016-08-23 18:55:11,862 INFO org.apache.hadoop.mapreduce.Job: Job job_local76440804_0001 completed successfully
2016-08-23 18:55:11,868 INFO org.apache.hadoop.mapreduce.Job: Counters: 30
	File System Counters
		FILE: Number of bytes read=25516142
		FILE: Number of bytes written=22051728
		FILE: Number of read operations=0
		FILE: Number of large read operations=0
		FILE: Number of write operations=0
	Map-Reduce Framework
		Map input records=124788
		Map output records=895996
		Map output bytes=5375976
		Map output materialized bytes=7167974
		Input split bytes=107
		Combine input records=0
		Combine output records=0
		Reduce input groups=26
		Reduce shuffle bytes=7167974
		Reduce input records=895996
		Reduce output records=26
		Spilled Records=1791992
		Shuffled Maps =1
		Failed Shuffles=0
		Merged Map outputs=1
		GC time elapsed (ms)=20
		Total committed heap usage (bytes)=630194176
	Shuffle Errors
		BAD_ID=0
		CONNECTION=0
		IO_ERROR=0
		WRONG_LENGTH=0
		WRONG_MAP=0
		WRONG_REDUCE=0
	File Input Format Counters 
		Bytes Read=5589917
	File Output Format Counters 
		Bytes Written=210
